Arguments: 
  /usr/local/bin/node /usr/local/bin/yarn install

PATH: 
  /Users/gaborraz/bin:/usr/local/bin:/Users/gaborraz/Library/Android/sdk/tools:/usr/bin:/bin:/usr/sbin:/sbin:/usr/local/bin

Yarn version: 
  0.16.1

Node version: 
  6.5.0

Platform: 
  darwin x64

npm manifest: 
  {
      "name": "woctm",
      "version": "1.0.0",
      "description": "",
      "main": "index.js",
      "scripts": {
          "test": "echo \"Error: no test specified\" && exit 1"
      },
      "eslintConfig": {
          "extends": "airbnb",
          "parserOptions": {
              "ecmaVersion": 7,
              "sourceType": "module"
          },
          "env": {
              "node": true
          },
          "rules": {
              "no-console": 0,
              "no-unused-vars": 1
          }
      },
      "devDependencies": {
          "babel-cli": "^6.9.0",
          "babel-core": "^6.9.0",
          "babel-preset-es2015": "^6.9.0",
          "babel-preset-stage-0": "^6.5.0",
          "browser-sync": "^2.17.3",
          "eslint": "^3.7.1",
          "eslint-config-airbnb": "^12.0.0",
          "eslint-plugin-import": "^1.16.0",
          "eslint-plugin-jsx-a11y": "^2.2.2",
          "eslint-plugin-react": "^6.3.0",
          "nodemon": "^1.9.2"
      },
      "dependencies": {
          "tesseract.js": "^1.0.10",
          "express": "^4.14.0",
          "promise": "^7.1.1",
          "request": "^2.75.0"
      },
      "repository": {
          "type": "git",
          "url": "git+https://github.com/roosnic1/woctm.git"
      },
      "author": "",
      "license": "ISC",
      "bugs": {
          "url": "https://github.com/roosnic1/woctm/issues"
      },
      "homepage": "https://github.com/roosnic1/woctm#readme",
  }

yarn manifest: 
  No manifest

bower manifest: 
  No manifest

Lockfile: 
  No lockfile

Trace: 
  SyntaxError: /Users/gaborraz/Development/climathon/woctm/package.json: Unexpected token } in JSON at position 1364
      at Object.parse (native)
      at /usr/local/lib/node_modules/yarn/lib/util/fs.js:271:57
      at next (native)
      at step (/usr/local/lib/node_modules/yarn/node_modules/babel-runtime/helpers/asyncToGenerator.js:17:30)
      at /usr/local/lib/node_modules/yarn/node_modules/babel-runtime/helpers/asyncToGenerator.js:28:13
